{"/Users/jamesetole/Dev/my_apps/MyDiary-React-Redux/src/actions/AllActons.js": {"path":"/Users/jamesetole/Dev/my_apps/MyDiary-React-Redux/src/actions/AllActons.js","statementMap":{"0":{"start":{"line":11,"column":32},"end":{"line":27,"column":4}},"1":{"start":{"line":11,"column":38},"end":{"line":27,"column":4}},"2":{"start":{"line":11,"column":50},"end":{"line":27,"column":4}},"3":{"start":{"line":14,"column":20},"end":{"line":14,"column":22}},"4":{"start":{"line":15,"column":4},"end":{"line":17,"column":5}},"5":{"start":{"line":16,"column":6},"end":{"line":16,"column":36}},"6":{"start":{"line":18,"column":20},"end":{"line":21,"column":5}},"7":{"start":{"line":22,"column":3},"end":{"line":22,"column":49}},"8":{"start":{"line":26,"column":4},"end":{"line":26,"column":67}},"9":{"start":{"line":29,"column":33},"end":{"line":45,"column":4}},"10":{"start":{"line":29,"column":45},"end":{"line":45,"column":4}},"11":{"start":{"line":29,"column":57},"end":{"line":45,"column":4}},"12":{"start":{"line":32,"column":20},"end":{"line":32,"column":22}},"13":{"start":{"line":33,"column":4},"end":{"line":35,"column":5}},"14":{"start":{"line":34,"column":6},"end":{"line":34,"column":36}},"15":{"start":{"line":36,"column":20},"end":{"line":39,"column":5}},"16":{"start":{"line":40,"column":2},"end":{"line":40,"column":47}},"17":{"start":{"line":44,"column":4},"end":{"line":44,"column":67}},"18":{"start":{"line":47,"column":31},"end":{"line":55,"column":4}},"19":{"start":{"line":47,"column":41},"end":{"line":55,"column":4}},"20":{"start":{"line":47,"column":53},"end":{"line":55,"column":4}},"21":{"start":{"line":50,"column":20},"end":{"line":50,"column":33}},"22":{"start":{"line":51,"column":4},"end":{"line":51,"column":45}},"23":{"start":{"line":54,"column":4},"end":{"line":54,"column":66}}},"fnMap":{"0":{"name":"(anonymous_0)","decl":{"start":{"line":11,"column":32},"end":{"line":11,"column":33}},"loc":{"start":{"line":11,"column":38},"end":{"line":27,"column":4}},"line":11},"1":{"name":"(anonymous_1)","decl":{"start":{"line":11,"column":38},"end":{"line":11,"column":39}},"loc":{"start":{"line":11,"column":50},"end":{"line":27,"column":4}},"line":11},"2":{"name":"(anonymous_2)","decl":{"start":{"line":13,"column":8},"end":{"line":13,"column":9}},"loc":{"start":{"line":13,"column":17},"end":{"line":24,"column":3}},"line":13},"3":{"name":"(anonymous_3)","decl":{"start":{"line":25,"column":9},"end":{"line":25,"column":10}},"loc":{"start":{"line":25,"column":15},"end":{"line":27,"column":3}},"line":25},"4":{"name":"(anonymous_4)","decl":{"start":{"line":29,"column":33},"end":{"line":29,"column":34}},"loc":{"start":{"line":29,"column":45},"end":{"line":45,"column":4}},"line":29},"5":{"name":"(anonymous_5)","decl":{"start":{"line":29,"column":45},"end":{"line":29,"column":46}},"loc":{"start":{"line":29,"column":57},"end":{"line":45,"column":4}},"line":29},"6":{"name":"(anonymous_6)","decl":{"start":{"line":31,"column":8},"end":{"line":31,"column":9}},"loc":{"start":{"line":31,"column":17},"end":{"line":42,"column":3}},"line":31},"7":{"name":"(anonymous_7)","decl":{"start":{"line":43,"column":9},"end":{"line":43,"column":10}},"loc":{"start":{"line":43,"column":15},"end":{"line":45,"column":3}},"line":43},"8":{"name":"(anonymous_8)","decl":{"start":{"line":47,"column":31},"end":{"line":47,"column":32}},"loc":{"start":{"line":47,"column":41},"end":{"line":55,"column":4}},"line":47},"9":{"name":"(anonymous_9)","decl":{"start":{"line":47,"column":41},"end":{"line":47,"column":42}},"loc":{"start":{"line":47,"column":53},"end":{"line":55,"column":4}},"line":47},"10":{"name":"(anonymous_10)","decl":{"start":{"line":49,"column":8},"end":{"line":49,"column":9}},"loc":{"start":{"line":49,"column":17},"end":{"line":52,"column":3}},"line":49},"11":{"name":"(anonymous_11)","decl":{"start":{"line":53,"column":9},"end":{"line":53,"column":10}},"loc":{"start":{"line":53,"column":15},"end":{"line":55,"column":3}},"line":53}},"branchMap":{"0":{"loc":{"start":{"line":15,"column":4},"end":{"line":17,"column":5}},"type":"if","locations":[{"start":{"line":15,"column":4},"end":{"line":17,"column":5}},{"start":{"line":15,"column":4},"end":{"line":17,"column":5}}],"line":15},"1":{"loc":{"start":{"line":33,"column":4},"end":{"line":35,"column":5}},"type":"if","locations":[{"start":{"line":33,"column":4},"end":{"line":35,"column":5}},{"start":{"line":33,"column":4},"end":{"line":35,"column":5}}],"line":33}},"s":{"0":4,"1":2,"2":1,"3":0,"4":0,"5":0,"6":0,"7":0,"8":1,"9":4,"10":2,"11":1,"12":0,"13":0,"14":0,"15":0,"16":0,"17":1,"18":4,"19":2,"20":2,"21":0,"22":0,"23":1},"f":{"0":2,"1":1,"2":0,"3":1,"4":2,"5":1,"6":0,"7":1,"8":2,"9":2,"10":0,"11":1},"b":{"0":[0,0],"1":[0,0]},"_coverageSchema":"332fd63041d2c1bcb487cc26dd0d5f7d97098a6c","hash":"8340ebf55c04d114997272470d972f44991300bf"}
,"/Users/jamesetole/Dev/my_apps/MyDiary-React-Redux/src/actions/action-types.js": {"path":"/Users/jamesetole/Dev/my_apps/MyDiary-React-Redux/src/actions/action-types.js","statementMap":{"0":{"start":{"line":1,"column":32},"end":{"line":1,"column":50}},"1":{"start":{"line":2,"column":31},"end":{"line":2,"column":48}},"2":{"start":{"line":3,"column":27},"end":{"line":3,"column":40}},"3":{"start":{"line":4,"column":30},"end":{"line":4,"column":46}}},"fnMap":{},"branchMap":{},"s":{"0":5,"1":5,"2":5,"3":5},"f":{},"b":{},"_coverageSchema":"332fd63041d2c1bcb487cc26dd0d5f7d97098a6c","hash":"d86bed993ca959b63772a0e161dc3c4986ec04b7"}
,"/Users/jamesetole/Dev/my_apps/MyDiary-React-Redux/src/actions/backendUrls.js": {"path":"/Users/jamesetole/Dev/my_apps/MyDiary-React-Redux/src/actions/backendUrls.js","statementMap":{"0":{"start":{"line":1,"column":27},"end":{"line":1,"column":56}}},"fnMap":{},"branchMap":{},"s":{"0":4},"f":{},"b":{},"_coverageSchema":"332fd63041d2c1bcb487cc26dd0d5f7d97098a6c","hash":"ea6ccc2b1850184229b729e881295cd89947cc2d"}
,"/Users/jamesetole/Dev/my_apps/MyDiary-React-Redux/src/components/CreateContact.jsx": {"path":"/Users/jamesetole/Dev/my_apps/MyDiary-React-Redux/src/components/CreateContact.jsx","statementMap":{"0":{"start":{"line":4,"column":22},"end":{"line":43,"column":6}},"1":{"start":{"line":5,"column":4},"end":{"line":43,"column":5}}},"fnMap":{"0":{"name":"(anonymous_0)","decl":{"start":{"line":4,"column":22},"end":{"line":4,"column":23}},"loc":{"start":{"line":4,"column":28},"end":{"line":43,"column":6}},"line":4}},"branchMap":{},"s":{"0":2,"1":1},"f":{"0":1},"b":{},"_coverageSchema":"332fd63041d2c1bcb487cc26dd0d5f7d97098a6c","hash":"f30c28cc868a6c6e993a154d60310e7c4f51c54c"}
,"/Users/jamesetole/Dev/my_apps/MyDiary-React-Redux/src/components/EditContact.jsx": {"path":"/Users/jamesetole/Dev/my_apps/MyDiary-React-Redux/src/components/EditContact.jsx","statementMap":{"0":{"start":{"line":4,"column":20},"end":{"line":44,"column":3}},"1":{"start":{"line":5,"column":4},"end":{"line":43,"column":5}}},"fnMap":{"0":{"name":"(anonymous_0)","decl":{"start":{"line":4,"column":20},"end":{"line":4,"column":21}},"loc":{"start":{"line":4,"column":26},"end":{"line":44,"column":3}},"line":4}},"branchMap":{},"s":{"0":2,"1":1},"f":{"0":1},"b":{},"_coverageSchema":"332fd63041d2c1bcb487cc26dd0d5f7d97098a6c","hash":"40d94ca33c618e88d703c7051eebe00cf4718ffc"}
,"/Users/jamesetole/Dev/my_apps/MyDiary-React-Redux/src/components/Footer.jsx": {"path":"/Users/jamesetole/Dev/my_apps/MyDiary-React-Redux/src/components/Footer.jsx","statementMap":{"0":{"start":{"line":5,"column":4},"end":{"line":10,"column":6}}},"fnMap":{"0":{"name":"(anonymous_0)","decl":{"start":{"line":4,"column":2},"end":{"line":4,"column":3}},"loc":{"start":{"line":4,"column":10},"end":{"line":11,"column":3}},"line":4}},"branchMap":{},"s":{"0":1},"f":{"0":1},"b":{},"_coverageSchema":"332fd63041d2c1bcb487cc26dd0d5f7d97098a6c","hash":"1578b6a36c0960863fa4292bb5de4bdc268db1be"}
,"/Users/jamesetole/Dev/my_apps/MyDiary-React-Redux/src/components/Header.jsx": {"path":"/Users/jamesetole/Dev/my_apps/MyDiary-React-Redux/src/components/Header.jsx","statementMap":{"0":{"start":{"line":6,"column":4},"end":{"line":14,"column":6}}},"fnMap":{"0":{"name":"(anonymous_0)","decl":{"start":{"line":5,"column":2},"end":{"line":5,"column":3}},"loc":{"start":{"line":5,"column":10},"end":{"line":15,"column":3}},"line":5}},"branchMap":{},"s":{"0":1},"f":{"0":1},"b":{},"_coverageSchema":"332fd63041d2c1bcb487cc26dd0d5f7d97098a6c","hash":"fa92dcb4970734e5c6d6d0285b91fce9c657ba1e"}
,"/Users/jamesetole/Dev/my_apps/MyDiary-React-Redux/src/components/MyContacts.jsx": {"path":"/Users/jamesetole/Dev/my_apps/MyDiary-React-Redux/src/components/MyContacts.jsx","statementMap":{"0":{"start":{"line":9,"column":4},"end":{"line":9,"column":26}},"1":{"start":{"line":10,"column":4},"end":{"line":12,"column":6}},"2":{"start":{"line":16,"column":31},"end":{"line":16,"column":41}},"3":{"start":{"line":17,"column":4},"end":{"line":17,"column":21}},"4":{"start":{"line":18,"column":4},"end":{"line":18,"column":26}},"5":{"start":{"line":22,"column":28},"end":{"line":22,"column":38}},"6":{"start":{"line":23,"column":4},"end":{"line":27,"column":5}},"7":{"start":{"line":24,"column":6},"end":{"line":24,"column":40}},"8":{"start":{"line":26,"column":6},"end":{"line":26,"column":40}},"9":{"start":{"line":31,"column":41},"end":{"line":31,"column":51}},"10":{"start":{"line":32,"column":4},"end":{"line":36,"column":5}},"11":{"start":{"line":33,"column":6},"end":{"line":33,"column":31}},"12":{"start":{"line":35,"column":6},"end":{"line":35,"column":40}},"13":{"start":{"line":40,"column":28},"end":{"line":40,"column":38}},"14":{"start":{"line":41,"column":25},"end":{"line":41,"column":35}},"15":{"start":{"line":43,"column":6},"end":{"line":53,"column":12}},"16":{"start":{"line":55,"column":4},"end":{"line":87,"column":6}},"17":{"start":{"line":67,"column":14},"end":{"line":81,"column":20}},"18":{"start":{"line":91,"column":0},"end":{"line":96,"column":1}},"19":{"start":{"line":98,"column":0},"end":{"line":101,"column":1}},"20":{"start":{"line":103,"column":31},"end":{"line":106,"column":2}},"21":{"start":{"line":103,"column":41},"end":{"line":106,"column":1}},"22":{"start":{"line":108,"column":34},"end":{"line":115,"column":2}},"23":{"start":{"line":108,"column":47},"end":{"line":115,"column":1}},"24":{"start":{"line":110,"column":4},"end":{"line":110,"column":44}},"25":{"start":{"line":113,"column":4},"end":{"line":113,"column":33}}},"fnMap":{"0":{"name":"(anonymous_0)","decl":{"start":{"line":8,"column":2},"end":{"line":8,"column":3}},"loc":{"start":{"line":8,"column":30},"end":{"line":13,"column":3}},"line":8},"1":{"name":"(anonymous_1)","decl":{"start":{"line":15,"column":2},"end":{"line":15,"column":3}},"loc":{"start":{"line":15,"column":21},"end":{"line":19,"column":3}},"line":15},"2":{"name":"(anonymous_2)","decl":{"start":{"line":21,"column":19},"end":{"line":21,"column":20}},"loc":{"start":{"line":21,"column":25},"end":{"line":28,"column":3}},"line":21},"3":{"name":"(anonymous_3)","decl":{"start":{"line":30,"column":22},"end":{"line":30,"column":23}},"loc":{"start":{"line":30,"column":29},"end":{"line":37,"column":3}},"line":30},"4":{"name":"(anonymous_4)","decl":{"start":{"line":39,"column":2},"end":{"line":39,"column":3}},"loc":{"start":{"line":39,"column":10},"end":{"line":88,"column":3}},"line":39},"5":{"name":"(anonymous_5)","decl":{"start":{"line":66,"column":29},"end":{"line":66,"column":30}},"loc":{"start":{"line":67,"column":14},"end":{"line":81,"column":20}},"line":67},"6":{"name":"(anonymous_6)","decl":{"start":{"line":99,"column":15},"end":{"line":99,"column":16}},"loc":{"start":{"line":99,"column":21},"end":{"line":99,"column":23}},"line":99},"7":{"name":"(anonymous_7)","decl":{"start":{"line":100,"column":18},"end":{"line":100,"column":19}},"loc":{"start":{"line":100,"column":24},"end":{"line":100,"column":26}},"line":100},"8":{"name":"(anonymous_8)","decl":{"start":{"line":103,"column":31},"end":{"line":103,"column":32}},"loc":{"start":{"line":103,"column":41},"end":{"line":106,"column":1}},"line":103},"9":{"name":"(anonymous_9)","decl":{"start":{"line":108,"column":34},"end":{"line":108,"column":35}},"loc":{"start":{"line":108,"column":47},"end":{"line":115,"column":1}},"line":108},"10":{"name":"(anonymous_10)","decl":{"start":{"line":109,"column":15},"end":{"line":109,"column":16}},"loc":{"start":{"line":109,"column":31},"end":{"line":111,"column":3}},"line":109},"11":{"name":"(anonymous_11)","decl":{"start":{"line":112,"column":18},"end":{"line":112,"column":19}},"loc":{"start":{"line":112,"column":24},"end":{"line":114,"column":3}},"line":112}},"branchMap":{"0":{"loc":{"start":{"line":23,"column":4},"end":{"line":27,"column":5}},"type":"if","locations":[{"start":{"line":23,"column":4},"end":{"line":27,"column":5}},{"start":{"line":23,"column":4},"end":{"line":27,"column":5}}],"line":23},"1":{"loc":{"start":{"line":32,"column":4},"end":{"line":36,"column":5}},"type":"if","locations":[{"start":{"line":32,"column":4},"end":{"line":36,"column":5}},{"start":{"line":32,"column":4},"end":{"line":36,"column":5}}],"line":32}},"s":{"0":5,"1":5,"2":5,"3":5,"4":5,"5":7,"6":7,"7":1,"8":6,"9":2,"10":2,"11":1,"12":1,"13":23,"14":23,"15":23,"16":23,"17":69,"18":2,"19":2,"20":2,"21":1,"22":2,"23":2,"24":1,"25":1},"f":{"0":5,"1":5,"2":7,"3":2,"4":23,"5":69,"6":0,"7":0,"8":1,"9":2,"10":1,"11":1},"b":{"0":[1,6],"1":[1,1]},"_coverageSchema":"332fd63041d2c1bcb487cc26dd0d5f7d97098a6c","hash":"8a41a86a45a8f5e13082a18563843d638c33f8f1"}
,"/Users/jamesetole/Dev/my_apps/MyDiary-React-Redux/src/components/ViewUser.jsx": {"path":"/Users/jamesetole/Dev/my_apps/MyDiary-React-Redux/src/components/ViewUser.jsx","statementMap":{"0":{"start":{"line":10,"column":22},"end":{"line":10,"column":32}},"1":{"start":{"line":11,"column":21},"end":{"line":11,"column":33}},"2":{"start":{"line":12,"column":4},"end":{"line":12,"column":50}},"3":{"start":{"line":15,"column":25},"end":{"line":15,"column":35}},"4":{"start":{"line":16,"column":4},"end":{"line":27,"column":6}},"5":{"start":{"line":31,"column":0},"end":{"line":34,"column":1}},"6":{"start":{"line":36,"column":31},"end":{"line":38,"column":2}},"7":{"start":{"line":36,"column":41},"end":{"line":38,"column":1}}},"fnMap":{"0":{"name":"(anonymous_0)","decl":{"start":{"line":9,"column":2},"end":{"line":9,"column":3}},"loc":{"start":{"line":9,"column":21},"end":{"line":13,"column":3}},"line":9},"1":{"name":"(anonymous_1)","decl":{"start":{"line":14,"column":2},"end":{"line":14,"column":3}},"loc":{"start":{"line":14,"column":10},"end":{"line":28,"column":3}},"line":14},"2":{"name":"(anonymous_2)","decl":{"start":{"line":36,"column":31},"end":{"line":36,"column":32}},"loc":{"start":{"line":36,"column":41},"end":{"line":38,"column":1}},"line":36}},"branchMap":{},"s":{"0":1,"1":1,"2":1,"3":2,"4":2,"5":2,"6":2,"7":1},"f":{"0":1,"1":2,"2":1},"b":{},"_coverageSchema":"332fd63041d2c1bcb487cc26dd0d5f7d97098a6c","hash":"cf943d66ac2e63e2bc017bc3249268646f942421"}
,"/Users/jamesetole/Dev/my_apps/MyDiary-React-Redux/src/reducers/index.js": {"path":"/Users/jamesetole/Dev/my_apps/MyDiary-React-Redux/src/reducers/index.js","statementMap":{"0":{"start":{"line":8,"column":21},"end":{"line":12,"column":1}},"1":{"start":{"line":15,"column":2},"end":{"line":35,"column":3}},"2":{"start":{"line":17,"column":6},"end":{"line":21,"column":8}},"3":{"start":{"line":23,"column":6},"end":{"line":27,"column":8}},"4":{"start":{"line":29,"column":6},"end":{"line":32,"column":8}},"5":{"start":{"line":34,"column":6},"end":{"line":34,"column":19}}},"fnMap":{"0":{"name":"rootReducer","decl":{"start":{"line":14,"column":9},"end":{"line":14,"column":20}},"loc":{"start":{"line":14,"column":50},"end":{"line":36,"column":1}},"line":14}},"branchMap":{"0":{"loc":{"start":{"line":14,"column":21},"end":{"line":14,"column":41}},"type":"default-arg","locations":[{"start":{"line":14,"column":29},"end":{"line":14,"column":41}}],"line":14},"1":{"loc":{"start":{"line":15,"column":2},"end":{"line":35,"column":3}},"type":"switch","locations":[{"start":{"line":16,"column":4},"end":{"line":21,"column":8}},{"start":{"line":22,"column":4},"end":{"line":27,"column":8}},{"start":{"line":28,"column":4},"end":{"line":32,"column":8}},{"start":{"line":33,"column":4},"end":{"line":34,"column":19}}],"line":15}},"s":{"0":3,"1":6,"2":1,"3":1,"4":1,"5":3},"f":{"0":6},"b":{"0":[3],"1":[1,1,1,3]},"_coverageSchema":"332fd63041d2c1bcb487cc26dd0d5f7d97098a6c","hash":"e1468677a2da7cb53b3e714f878e5fc536eeb45f"}
,"/Users/jamesetole/Dev/my_apps/MyDiary-React-Redux/src/routes/index.jsx": {"path":"/Users/jamesetole/Dev/my_apps/MyDiary-React-Redux/src/routes/index.jsx","statementMap":{"0":{"start":{"line":10,"column":15},"end":{"line":23,"column":1}},"1":{"start":{"line":11,"column":2},"end":{"line":22,"column":11}}},"fnMap":{"0":{"name":"(anonymous_0)","decl":{"start":{"line":10,"column":15},"end":{"line":10,"column":16}},"loc":{"start":{"line":11,"column":2},"end":{"line":22,"column":11}},"line":11}},"branchMap":{},"s":{"0":1,"1":1},"f":{"0":1},"b":{},"_coverageSchema":"332fd63041d2c1bcb487cc26dd0d5f7d97098a6c","hash":"15ee85d5f30dbd792dcb70d326c475208befb227"}
,"/Users/jamesetole/Dev/my_apps/MyDiary-React-Redux/src/store/index.js": {"path":"/Users/jamesetole/Dev/my_apps/MyDiary-React-Redux/src/store/index.js","statementMap":{"0":{"start":{"line":6,"column":23},"end":{"line":6,"column":77}},"1":{"start":{"line":8,"column":14},"end":{"line":11,"column":1}}},"fnMap":{},"branchMap":{"0":{"loc":{"start":{"line":6,"column":23},"end":{"line":6,"column":77}},"type":"binary-expr","locations":[{"start":{"line":6,"column":23},"end":{"line":6,"column":66}},{"start":{"line":6,"column":70},"end":{"line":6,"column":77}}],"line":6}},"s":{"0":2,"1":2},"f":{},"b":{"0":[2,2]},"_coverageSchema":"332fd63041d2c1bcb487cc26dd0d5f7d97098a6c","hash":"5d67e2dd16b74824399807f2ff2bb27bb86777ee"}
}
