TN:
SF:/Users/jamesetole/Dev/my_apps/MyDiary-React-Redux/src/actions/AllActons.js
FN:11,(anonymous_0)
FN:11,(anonymous_1)
FN:13,(anonymous_2)
FN:25,(anonymous_3)
FN:29,(anonymous_4)
FN:29,(anonymous_5)
FN:31,(anonymous_6)
FN:43,(anonymous_7)
FN:47,(anonymous_8)
FN:47,(anonymous_9)
FN:49,(anonymous_10)
FN:53,(anonymous_11)
FNF:12
FNH:9
FNDA:2,(anonymous_0)
FNDA:1,(anonymous_1)
FNDA:0,(anonymous_2)
FNDA:1,(anonymous_3)
FNDA:2,(anonymous_4)
FNDA:1,(anonymous_5)
FNDA:0,(anonymous_6)
FNDA:1,(anonymous_7)
FNDA:2,(anonymous_8)
FNDA:2,(anonymous_9)
FNDA:0,(anonymous_10)
FNDA:1,(anonymous_11)
DA:11,4
DA:14,0
DA:15,0
DA:16,0
DA:18,0
DA:22,0
DA:26,1
DA:29,4
DA:32,0
DA:33,0
DA:34,0
DA:36,0
DA:40,0
DA:44,1
DA:47,4
DA:50,0
DA:51,0
DA:54,1
LF:18
LH:6
BRDA:15,0,0,0
BRDA:15,0,1,0
BRDA:33,1,0,0
BRDA:33,1,1,0
BRF:4
BRH:0
end_of_record
TN:
SF:/Users/jamesetole/Dev/my_apps/MyDiary-React-Redux/src/actions/action-types.js
FNF:0
FNH:0
DA:1,5
DA:2,5
DA:3,5
DA:4,5
LF:4
LH:4
BRF:0
BRH:0
end_of_record
TN:
SF:/Users/jamesetole/Dev/my_apps/MyDiary-React-Redux/src/actions/backendUrls.js
FNF:0
FNH:0
DA:1,4
LF:1
LH:1
BRF:0
BRH:0
end_of_record
TN:
SF:/Users/jamesetole/Dev/my_apps/MyDiary-React-Redux/src/components/CreateContact.jsx
FN:4,(anonymous_0)
FNF:1
FNH:1
FNDA:1,(anonymous_0)
DA:4,2
DA:5,1
LF:2
LH:2
BRF:0
BRH:0
end_of_record
TN:
SF:/Users/jamesetole/Dev/my_apps/MyDiary-React-Redux/src/components/EditContact.jsx
FN:4,(anonymous_0)
FNF:1
FNH:1
FNDA:1,(anonymous_0)
DA:4,2
DA:5,1
LF:2
LH:2
BRF:0
BRH:0
end_of_record
TN:
SF:/Users/jamesetole/Dev/my_apps/MyDiary-React-Redux/src/components/Footer.jsx
FN:4,(anonymous_0)
FNF:1
FNH:1
FNDA:1,(anonymous_0)
DA:5,1
LF:1
LH:1
BRF:0
BRH:0
end_of_record
TN:
SF:/Users/jamesetole/Dev/my_apps/MyDiary-React-Redux/src/components/Header.jsx
FN:5,(anonymous_0)
FNF:1
FNH:1
FNDA:1,(anonymous_0)
DA:6,1
LF:1
LH:1
BRF:0
BRH:0
end_of_record
TN:
SF:/Users/jamesetole/Dev/my_apps/MyDiary-React-Redux/src/components/MyContacts.jsx
FN:8,(anonymous_0)
FN:15,(anonymous_1)
FN:21,(anonymous_2)
FN:30,(anonymous_3)
FN:39,(anonymous_4)
FN:66,(anonymous_5)
FN:99,(anonymous_6)
FN:100,(anonymous_7)
FN:103,(anonymous_8)
FN:108,(anonymous_9)
FN:109,(anonymous_10)
FN:112,(anonymous_11)
FNF:12
FNH:10
FNDA:5,(anonymous_0)
FNDA:5,(anonymous_1)
FNDA:7,(anonymous_2)
FNDA:2,(anonymous_3)
FNDA:23,(anonymous_4)
FNDA:69,(anonymous_5)
FNDA:0,(anonymous_6)
FNDA:0,(anonymous_7)
FNDA:1,(anonymous_8)
FNDA:2,(anonymous_9)
FNDA:1,(anonymous_10)
FNDA:1,(anonymous_11)
DA:9,5
DA:10,5
DA:16,5
DA:17,5
DA:18,5
DA:22,7
DA:23,7
DA:24,1
DA:26,6
DA:31,2
DA:32,2
DA:33,1
DA:35,1
DA:40,23
DA:41,23
DA:43,23
DA:55,23
DA:67,69
DA:91,2
DA:98,2
DA:103,2
DA:108,2
DA:110,1
DA:113,1
LF:24
LH:24
BRDA:23,0,0,1
BRDA:23,0,1,6
BRDA:32,1,0,1
BRDA:32,1,1,1
BRF:4
BRH:4
end_of_record
TN:
SF:/Users/jamesetole/Dev/my_apps/MyDiary-React-Redux/src/components/ViewUser.jsx
FN:9,(anonymous_0)
FN:14,(anonymous_1)
FN:36,(anonymous_2)
FNF:3
FNH:3
FNDA:1,(anonymous_0)
FNDA:2,(anonymous_1)
FNDA:1,(anonymous_2)
DA:10,1
DA:11,1
DA:12,1
DA:15,2
DA:16,2
DA:31,2
DA:36,2
LF:7
LH:7
BRF:0
BRH:0
end_of_record
TN:
SF:/Users/jamesetole/Dev/my_apps/MyDiary-React-Redux/src/reducers/index.js
FN:14,rootReducer
FNF:1
FNH:1
FNDA:6,rootReducer
DA:8,3
DA:15,6
DA:17,1
DA:23,1
DA:29,1
DA:34,3
LF:6
LH:6
BRDA:14,0,0,3
BRDA:15,1,0,1
BRDA:15,1,1,1
BRDA:15,1,2,1
BRDA:15,1,3,3
BRF:5
BRH:5
end_of_record
TN:
SF:/Users/jamesetole/Dev/my_apps/MyDiary-React-Redux/src/routes/index.jsx
FN:10,(anonymous_0)
FNF:1
FNH:1
FNDA:1,(anonymous_0)
DA:10,1
DA:11,1
LF:2
LH:2
BRF:0
BRH:0
end_of_record
TN:
SF:/Users/jamesetole/Dev/my_apps/MyDiary-React-Redux/src/store/index.js
FNF:0
FNH:0
DA:6,2
DA:8,2
LF:2
LH:2
BRDA:6,0,0,2
BRDA:6,0,1,2
BRF:2
BRH:2
end_of_record
